<?xml version="1.0" encoding="UTF-8"?>
<testng-results ignored="0" total="2" passed="2" failed="0" skipped="0">
  <reporter-output>
  </reporter-output>
  <suite started-at="2025-03-27T17:10:00 EDT" name="Suite" finished-at="2025-03-27T17:10:29 EDT" duration-ms="28886">
    <groups>
      <group name="cucumber">
        <method signature="AbstractTestNGCucumberTests.runScenario(io.cucumber.testng.PickleWrapper,io.cucumber.testng.FeatureWrapper)[pri:0, instance:runner.TestRunner@636be97c]" name="runScenario" class="io.cucumber.testng.AbstractTestNGCucumberTests"/>
      </group> <!-- cucumber -->
    </groups>
    <test started-at="2025-03-27T17:10:00 EDT" name="Test" finished-at="2025-03-27T17:10:29 EDT" duration-ms="28886">
      <class name="runner.TestRunner">
        <test-method is-config="true" signature="setUpClass(org.testng.ITestContext)[pri:0, instance:runner.TestRunner@636be97c]" started-at="2025-03-27T17:10:00 EDT" name="setUpClass" finished-at="2025-03-27T17:10:01 EDT" duration-ms="513" status="PASS">
          <params>
            <param index="0">
              <value>
                <![CDATA[org.testng.TestRunner@4f3c7808]]>
              </value>
            </param>
          </params>
          <reporter-output>
          </reporter-output>
        </test-method> <!-- setUpClass -->
        <test-method signature="runScenario(io.cucumber.testng.PickleWrapper,io.cucumber.testng.FeatureWrapper)[pri:0, instance:runner.TestRunner@636be97c]" started-at="2025-03-27T17:10:01 EDT" name="runScenario" description="Runs Cucumber Scenarios" data-provider="scenarios" finished-at="2025-03-27T17:10:15 EDT" duration-ms="14018" status="PASS">
          <params>
            <param index="0">
              <value>
                <![CDATA["Verify user can log in into the application with valid credentials"]]>
              </value>
            </param>
            <param index="1">
              <value>
                <![CDATA["Verify the login functionality of the website"]]>
              </value>
            </param>
          </params>
          <reporter-output>
          </reporter-output>
        </test-method> <!-- runScenario -->
        <test-method signature="runScenario(io.cucumber.testng.PickleWrapper,io.cucumber.testng.FeatureWrapper)[pri:0, instance:runner.TestRunner@636be97c]" started-at="2025-03-27T17:10:15 EDT" name="runScenario" description="Runs Cucumber Scenarios" data-provider="scenarios" finished-at="2025-03-27T17:10:27 EDT" duration-ms="12061" status="PASS">
          <params>
            <param index="0">
              <value>
                <![CDATA["Verify user cannot log in into the application with invlaid password"]]>
              </value>
            </param>
            <param index="1">
              <value>
                <![CDATA["Verify the login functionality of the website"]]>
              </value>
            </param>
          </params>
          <reporter-output>
          </reporter-output>
        </test-method> <!-- runScenario -->
        <test-method is-config="true" signature="tearDownClass()[pri:0, instance:runner.TestRunner@636be97c]" started-at="2025-03-27T17:10:27 EDT" name="tearDownClass" finished-at="2025-03-27T17:10:29 EDT" duration-ms="2267" status="PASS">
          <reporter-output>
          </reporter-output>
        </test-method> <!-- tearDownClass -->
      </class> <!-- runner.TestRunner -->
    </test> <!-- Test -->
  </suite> <!-- Suite -->
</testng-results>
