<?xml version="1.0" encoding="UTF-8"?>
<testsuite xmlns:xsi="http://www.w3.org/2001/XMLSchema-instance" xsi:noNamespaceSchemaLocation="https://maven.apache.org/surefire/maven-surefire-plugin/xsd/surefire-test-report-3.0.xsd" version="3.0" name="TestSuite" time="29.191" tests="2" errors="0" skipped="0" failures="0">
  <properties>
[...]
</properties>
  <testcase name="runScenario[&quot;Verify user can log in into the application with valid credentials&quot;, &quot;Verify the login functionality of the website&quot;](1)" classname="runner.TestRunner" time="14.02">
    <system-out><![CDATA[
@all @validLogin @smoke
Scenario: Verify user can log in into the application with valid credentials # src/test/resources/features/login.feature:33
2025-03-27T21:10:01.792958Z main INFO Starting configuration XmlConfiguration[location=C:\Framework-Practice\Automation-Project-CICD\target\classes\log4j2.xml, lastModified=2025-03-15T22:25:57.758Z]...
2025-03-27T21:10:01.796552Z main INFO Start watching for changes to C:\Framework-Practice\Automation-Project-CICD\target\classes\log4j2.xml every 0 seconds
2025-03-27T21:10:01.796552Z main INFO Configuration XmlConfiguration[location=C:\Framework-Practice\Automation-Project-CICD\target\classes\log4j2.xml, lastModified=2025-03-15T22:25:57.758Z] started.
2025-03-27T21:10:01.798692700Z main INFO Stopping configuration org.apache.logging.log4j.core.config.DefaultConfiguration@5b69d40d...
2025-03-27T21:10:01.798692700Z main INFO Configuration org.apache.logging.log4j.core.config.DefaultConfiguration@5b69d40d stopped.
2025-03-27 17:10:03 [main] INFO  base.BaseTest - Driver Initialization Successful
2025-03-27 17:10:03 [main] INFO  hooks.Hook - Starting Test Setup: Verify user can log in into the application with valid credentials
2025-03-27 17:10:06 [main] INFO  steps.LoginSteps - url is successfully launched
  Given User is on the website homepage                                      # steps.LoginSteps.userIsOnTheWebsiteHomepage()
2025-03-27 17:10:07 [main] INFO  steps.LoginSteps - user clicked on My Account tab
  When User clicks on My Account tab                                         # steps.LoginSteps.userClicksOnMyAccountTab()
2025-03-27 17:10:08 [main] INFO  steps.LoginSteps - user clicked on login option
  And User clicks on Login option                                            # steps.LoginSteps.userClicksOnLoginOption()
2025-03-27 17:10:09 [main] INFO  steps.LoginSteps - Assetion Passed
  Then User is navigated to the Account Login page                           # steps.LoginSteps.userIsNavigatedToTheAccountLoginPage()
2025-03-27 17:10:10 [main] INFO  steps.LoginSteps - user entered email
  When User enters the email "habibi1@gmail.com" in the email input field    # steps.LoginSteps.userEntersTheEmailInTheEmailInputField(java.lang.String)
2025-03-27 17:10:11 [main] INFO  steps.LoginSteps - user entered password
  And User enters the password "habibi" in the password input field          # steps.LoginSteps.userEntersThePasswordInThePasswordInputField(java.lang.String)
2025-03-27 17:10:14 [main] INFO  steps.LoginSteps - user clicked on the loging button
  And User clicks on the Login button                                        # steps.LoginSteps.userClicksOnTheLoginButton()
2025-03-27 17:10:15 [main] INFO  steps.LoginSteps - Assertion Passed
2025-03-27 17:10:15 [main] INFO  steps.LoginSteps - Assertion Passed
  Then User is navigated to the My Account page                              # steps.LoginSteps.userIsNavigatedToTheMyAccountPage()
2025-03-27 17:10:15 [main] INFO  hooks.Hook - Test Execution Completed
2025-03-27 17:10:15 [main] INFO  base.BaseTest - Closing Browser
]]></system-out>
    <system-err><![CDATA[Mar 27, 2025 5:10:03 PM org.openqa.selenium.devtools.CdpVersionFinder findNearestMatch
WARNING: Unable to find an exact match for CDP version 134, returning the closest version; found: 133; Please update to a Selenium version that supports CDP version 134
]]></system-err>
  </testcase>
  <testcase name="runScenario[&quot;Verify user cannot log in into the application with invlaid password&quot;, &quot;Verify the login functionality of the website&quot;](2)" classname="runner.TestRunner" time="12.059">
    <system-out><![CDATA[
@all @invalidPassword @smoke
Scenario: Verify user cannot log in into the application with invlaid password            # src/test/resources/features/login.feature:44
2025-03-27 17:10:16 [main] INFO  base.BaseTest - Driver Initialization Successful
2025-03-27 17:10:16 [main] INFO  hooks.Hook - Starting Test Setup: Verify user cannot log in into the application with invlaid password
2025-03-27 17:10:18 [main] INFO  steps.LoginSteps - url is successfully launched
  Given User is on the website homepage                                                   # steps.LoginSteps.userIsOnTheWebsiteHomepage()
2025-03-27 17:10:20 [main] INFO  steps.LoginSteps - user clicked on My Account tab
  When User clicks on My Account tab                                                      # steps.LoginSteps.userClicksOnMyAccountTab()
2025-03-27 17:10:21 [main] INFO  steps.LoginSteps - user clicked on login option
  And User clicks on Login option                                                         # steps.LoginSteps.userClicksOnLoginOption()
2025-03-27 17:10:22 [main] INFO  steps.LoginSteps - Assetion Passed
  Then User is navigated to the Account Login page                                        # steps.LoginSteps.userIsNavigatedToTheAccountLoginPage()
2025-03-27 17:10:23 [main] INFO  steps.LoginSteps - user entered email
  When User enters the email "aseela@gmail.com" in the email input field                  # steps.LoginSteps.userEntersTheEmailInTheEmailInputField(java.lang.String)
2025-03-27 17:10:24 [main] INFO  steps.LoginSteps - user entered password
  And User enters the password "xyz" in the password input field                          # steps.LoginSteps.userEntersThePasswordInThePasswordInputField(java.lang.String)
2025-03-27 17:10:26 [main] INFO  steps.LoginSteps - user clicked on the loging button
  And User clicks on the Login button                                                     # steps.LoginSteps.userClicksOnTheLoginButton()
2025-03-27 17:10:27 [main] INFO  steps.LoginSteps - Assertion Passed
  Then User gets an error message "Warning: No match for E-Mail Address and/or Password." # steps.LoginSteps.userGetsAnErrorMessage(java.lang.String)
2025-03-27 17:10:27 [main] INFO  hooks.Hook - Test Execution Completed
2025-03-27 17:10:27 [main] INFO  base.BaseTest - Closing Browser
]]></system-out>
    <system-err><![CDATA[Mar 27, 2025 5:10:16 PM org.openqa.selenium.devtools.CdpVersionFinder findNearestMatch
WARNING: Unable to find an exact match for CDP version 134, returning the closest version; found: 133; Please update to a Selenium version that supports CDP version 134
]]></system-err>
  </testcase>
</testsuite>